<?xml version="1.0" encoding="UTF-8"?>
<!-- Generated by org.testng.reporters.JUnitReportReporter -->
<testsuite hostname="LAPTOP-RT36H2LD" failures="0" tests="2" name="com.test.UsersPageTest" time="14.777" errors="0" timestamp="2023-05-16T20:08:36 IST" skipped="0">
  <testcase classname="com.test.UsersPageTest" name="validateAddUsersPageHasElementsDisplayed" time="3.987"/>
  <system-out/>
  <testcase classname="com.test.UsersPageTest" name="validateEnteredUserValues" time="10.790"/>
  <system-out/>
</testsuite> <!-- com.test.UsersPageTest -->
