<?xml version="1.0" encoding="UTF-8"?>
<!-- Generated by org.testng.reporters.JUnitReportReporter -->
<testsuite hostname="LAPTOP-RT36H2LD" failures="0" tests="4" name="com.test.ProductPageTest" time="251.029" errors="0" timestamp="2023-05-05T16:50:58 IST" skipped="1">
  <testcase classname="com.test.ProductPageTest" name="validateEnteredProductValues" time="53.844"/>
  <system-out/>
  <testcase classname="com.test.ProductPageTest" name="validateTheEditedProducteValues" time="35.036"/>
  <system-out/>
  <testcase classname="com.test.ProductPageTest" name="validateTheDeleteIcon" time="162.149"/>
  <system-out/>
  <testcase classname="com.test.ProductPageTest" name="validateAddProductPageHasElementsDisplayed">
    <skipped/>
  </testcase> <!-- validateAddProductPageHasElementsDisplayed -->
  <system-out/>
</testsuite> <!-- com.test.ProductPageTest -->
