<?xml version="1.0" encoding="UTF-8"?>
<!-- Generated by org.testng.reporters.JUnitReportReporter -->
<testsuite hostname="LAPTOP-RT36H2LD" failures="0" tests="1" name="com.test.LogoutTestPage" time="5.087" errors="0" timestamp="2023-05-25T19:48:24 IST" skipped="0">
  <testcase classname="com.test.LogoutTestPage" name="validateLogoutPage_ByClickingLogoutLink" time="5.087"/>
  <system-out/>
</testsuite> <!-- com.test.LogoutTestPage -->
