<?xml version="1.0" encoding="UTF-8"?>
<!-- Generated by org.testng.reporters.JUnitReportReporter -->
<testsuite hostname="LAPTOP-RT36H2LD" failures="0" tests="4" name="com.test.StorePageTest" time="53.665" errors="0" timestamp="2023-04-09T19:28:23 IST" skipped="0">
  <testcase classname="com.test.StorePageTest" name="validateAddStorePageHasElementsDisplayed" time="13.699"/>
  <system-out/>
  <testcase classname="com.test.StorePageTest" name="validateEnteredStoreValues" time="13.283"/>
  <system-out/>
  <testcase classname="com.test.StorePageTest" name="validateTheEditedStoreValues" time="11.312"/>
  <system-out/>
  <testcase classname="com.test.StorePageTest" name="validateTheDeleteIcon" time="15.371"/>
  <system-out/>
</testsuite> <!-- com.test.StorePageTest -->
