<?xml version="1.0" encoding="UTF-8"?>
<!-- Generated by org.testng.reporters.JUnitReportReporter -->
<testsuite hostname="LAPTOP-RT36H2LD" failures="0" tests="4" name="com.test.ExpenseInCategoriesTestPage" time="13.770" errors="0" timestamp="2023-04-18T17:00:42 IST" skipped="0">
  <testcase classname="com.test.ExpenseInCategoriesTestPage" name="validateAddExpensePageHasElementsDisplayed" time="2.125"/>
  <system-out/>
  <testcase classname="com.test.ExpenseInCategoriesTestPage" name="validateEnteredProductValues" time="3.760"/>
  <system-out/>
  <testcase classname="com.test.ExpenseInCategoriesTestPage" name="validateTheEditedStoreValues" time="4.308"/>
  <system-out/>
  <testcase classname="com.test.ExpenseInCategoriesTestPage" name="validateTheDeleteIcon" time="3.577"/>
  <system-out/>
</testsuite> <!-- com.test.ExpenseInCategoriesTestPage -->
