<?xml version="1.0" encoding="UTF-8"?>
<!-- Generated by org.testng.reporters.JUnitReportReporter -->
<testsuite hostname="LAPTOP-RT36H2LD" failures="0" tests="2" name="com.test.SettingsTestPage" time="11.122" errors="0" timestamp="2023-05-24T10:28:58 IST" skipped="0">
  <testcase classname="com.test.SettingsTestPage" name="validateSettingsPageHasElementsDisplayed_WhileClickingOnSettingsLink" time="5.312"/>
  <system-out/>
  <testcase classname="com.test.SettingsTestPage" name="validateUpdateSettingsInSettingsPage_ByEnteringValuesInTheFieldsProvided" time="5.810"/>
  <system-out/>
</testsuite> <!-- com.test.SettingsTestPage -->
