<?xml version="1.0" encoding="UTF-8"?>
<!-- Generated by org.testng.reporters.JUnitReportReporter -->
<testsuite hostname="LAPTOP-RT36H2LD" failures="0" tests="7" name="com.test.SupplierPageTest" time="76.269" errors="0" timestamp="2023-05-25T19:48:24 IST" skipped="1">
  <testcase classname="com.test.SupplierPageTest" name="validateAddSupplierPageInPeopleLinkHasElementsDisplayed_WhenAddSupplierButtonIsClicked" time="6.509"/>
  <system-out/>
  <testcase classname="com.test.SupplierPageTest" name="validateTheEnteredSupplierValues_AfterClickingAddSupplierButtonInSupplierPageInPeopleLink" time="8.436"/>
  <system-out/>
  <testcase classname="com.test.SupplierPageTest" name="validateTheEnteredSupplierValues_AfterClickingAddSupplierButtonInSupplierPageInPeopleLink" time="9.447"/>
  <system-out/>
  <testcase classname="com.test.SupplierPageTest" name="validateTheEditedSupplierValues_AfterClickingEditButtonInSupplierPageInPeopleLink" time="9.326"/>
  <system-out/>
  <testcase classname="com.test.SupplierPageTest" name="validateTheEditedSupplierValues_AfterClickingEditButtonInSupplierPageInPeopleLink" time="24.873">
    <skipped/>
  </testcase> <!-- validateTheEditedSupplierValues_AfterClickingEditButtonInSupplierPageInPeopleLink -->
  <system-out/>
  <testcase classname="com.test.SupplierPageTest" name="validateTheEditedSupplierValues_AfterClickingEditButtonInSupplierPageInPeopleLink" time="8.951"/>
  <system-out/>
  <testcase classname="com.test.SupplierPageTest" name="validateTheDeleteIcon_AfterClickingDeleteButtonInSupplierPageInPeopleLink" time="8.727"/>
  <system-out/>
</testsuite> <!-- com.test.SupplierPageTest -->
