<?xml version="1.0" encoding="UTF-8"?>
<!-- Generated by org.testng.reporters.JUnitReportReporter -->
<testsuite hostname="LAPTOP-RT36H2LD" failures="0" tests="4" name="com.test.ProductInCategoriesTestPage" time="28.529" errors="0" timestamp="2023-05-24T10:28:58 IST" skipped="0">
  <testcase classname="com.test.ProductInCategoriesTestPage" name="validateAddCategoryPageInProductPageInCategoriesLinkHasElementsDisplayed_WhenAddCategoryButtonIsClicked" time="6.158"/>
  <system-out/>
  <testcase classname="com.test.ProductInCategoriesTestPage" name="validateTheEnteredCategoryValues_AfterClickingAddCategoryButtonInProductPageInCategoryLink" time="7.263"/>
  <system-out/>
  <testcase classname="com.test.ProductInCategoriesTestPage" name="validateTheEditedCategoryValues_AfterClickingEditButtonInProductPageInCategoryLink" time="8.060"/>
  <system-out/>
  <testcase classname="com.test.ProductInCategoriesTestPage" name="validateTheDeleteCategoryValues_AfterClickingDeleteButtonInProductPageInCategoryLink" time="7.048"/>
  <system-out/>
</testsuite> <!-- com.test.ProductInCategoriesTestPage -->
