<?xml version="1.0" encoding="UTF-8"?>
<!-- Generated by org.testng.reporters.JUnitReportReporter -->
<testsuite hostname="LAPTOP-RT36H2LD" failures="0" tests="3" name="com.test.WaiterPageTest" time="17.715" errors="0" timestamp="2023-05-22T20:06:26 IST" skipped="0">
  <testcase classname="com.test.WaiterPageTest" name="validateAddWaiterPageHasElementsDisplayed" time="4.876"/>
  <system-out/>
  <testcase classname="com.test.WaiterPageTest" name="validateTheEnteredValuesInWaiterPage" time="5.013"/>
  <system-out/>
  <testcase classname="com.test.WaiterPageTest" name="validateTheEnteredValuesInWaiterPage" time="7.826"/>
  <system-out/>
</testsuite> <!-- com.test.WaiterPageTest -->
