<?xml version="1.0" encoding="UTF-8"?>
<!-- Generated by org.testng.reporters.JUnitReportReporter -->
<testsuite hostname="LAPTOP-RT36H2LD" failures="0" tests="4" name="com.test.StorePageTest" time="24.540" errors="0" timestamp="2023-04-18T17:00:42 IST" skipped="0">
  <testcase classname="com.test.StorePageTest" name="validateAddStorePageHasElementsDisplayed" time="2.511"/>
  <system-out/>
  <testcase classname="com.test.StorePageTest" name="validateTheEnteredStoreValues" time="5.763"/>
  <system-out/>
  <testcase classname="com.test.StorePageTest" name="validateTheEditedStoreValues" time="5.645"/>
  <system-out/>
  <testcase classname="com.test.StorePageTest" name="validateTheDeleteIcon" time="10.621"/>
  <system-out/>
</testsuite> <!-- com.test.StorePageTest -->
