<?xml version="1.0" encoding="UTF-8"?>
<!-- Generated by org.testng.reporters.JUnitReportReporter -->
<testsuite hostname="LAPTOP-RT36H2LD" failures="0" tests="6" name="com.test.SupplierPageTest" time="37.882" errors="0" timestamp="2023-04-28T18:59:25 IST" skipped="0">
  <testcase classname="com.test.SupplierPageTest" name="validateAddSupplierPageHasElementsDisplayed" time="2.908"/>
  <system-out/>
  <testcase classname="com.test.SupplierPageTest" name="validateTheEnteredValuesInSuppliersPage" time="5.993"/>
  <system-out/>
  <testcase classname="com.test.SupplierPageTest" name="validateTheEnteredValuesInSuppliersPage" time="6.957"/>
  <system-out/>
  <testcase classname="com.test.SupplierPageTest" name="validateTheEditedSupplierValues" time="7.287"/>
  <system-out/>
  <testcase classname="com.test.SupplierPageTest" name="validateTheEditedSupplierValues" time="9.943"/>
  <system-out/>
  <testcase classname="com.test.SupplierPageTest" name="validateTheDeleteIcon" time="4.794"/>
  <system-out/>
</testsuite> <!-- com.test.SupplierPageTest -->
