<?xml version="1.0" encoding="UTF-8"?>
<!-- Generated by org.testng.reporters.JUnitReportReporter -->
<testsuite hostname="LAPTOP-RT36H2LD" failures="0" tests="4" name="com.test.ExpenseInCategoriesTestPage" time="20.778" errors="0" timestamp="2023-04-13T19:26:18 IST" skipped="0">
  <testcase classname="com.test.ExpenseInCategoriesTestPage" name="validateAddExpensePageHasElementsDisplayed" time="3.493"/>
  <system-out/>
  <testcase classname="com.test.ExpenseInCategoriesTestPage" name="validateEnteredProductValues" time="6.164"/>
  <system-out/>
  <testcase classname="com.test.ExpenseInCategoriesTestPage" name="validateTheEditedStoreValues" time="6.146"/>
  <system-out/>
  <testcase classname="com.test.ExpenseInCategoriesTestPage" name="validateTheDeleteIcon" time="4.975"/>
  <system-out/>
</testsuite> <!-- com.test.ExpenseInCategoriesTestPage -->
