<?xml version="1.0" encoding="UTF-8"?>
<!-- Generated by org.testng.reporters.JUnitReportReporter -->
<testsuite hostname="LAPTOP-RT36H2LD" failures="0" tests="6" name="com.test.SupplierPageTest" time="41.709" errors="0" timestamp="2023-04-19T13:28:38 IST" skipped="0">
  <testcase classname="com.test.SupplierPageTest" name="validateAddSupplierPageHasElementsDisplayed" time="4.578"/>
  <system-out/>
  <testcase classname="com.test.SupplierPageTest" name="validateTheEnteredValuesInSuppliersPage" time="6.414"/>
  <system-out/>
  <testcase classname="com.test.SupplierPageTest" name="validateTheEnteredValuesInSuppliersPage" time="6.948"/>
  <system-out/>
  <testcase classname="com.test.SupplierPageTest" name="validateTheEditedSupplierValues" time="6.604"/>
  <system-out/>
  <testcase classname="com.test.SupplierPageTest" name="validateTheEditedSupplierValues" time="10.264"/>
  <system-out/>
  <testcase classname="com.test.SupplierPageTest" name="validateTheDeleteIcon" time="6.901"/>
  <system-out/>
</testsuite> <!-- com.test.SupplierPageTest -->
