<?xml version="1.0" encoding="UTF-8"?>
<!-- Generated by org.testng.reporters.JUnitReportReporter -->
<testsuite hostname="LAPTOP-RT36H2LD" failures="0" tests="6" name="com.test.CustomerPageTest" time="63.215" errors="0" timestamp="2023-05-25T19:48:24 IST" skipped="0">
  <testcase classname="com.test.CustomerPageTest" name="validateAddCustomersPageInPeopleLinkHasElementsDisplayed_WhenAddCustomerButtonIsClicked" time="6.964"/>
  <system-out/>
  <testcase classname="com.test.CustomerPageTest" name="validateTheEnteredValues_AfterClickingAddCustomerButtonInCustomersPageInPeopleLink" time="13.692"/>
  <system-out/>
  <testcase classname="com.test.CustomerPageTest" name="validateTheEnteredValues_AfterClickingAddCustomerButtonInCustomersPageInPeopleLink" time="10.192"/>
  <system-out/>
  <testcase classname="com.test.CustomerPageTest" name="validateTheEditedCustomerValues_AfterClickingAddEditButtonInCustomersPageInPeopleLink" time="11.102"/>
  <system-out/>
  <testcase classname="com.test.CustomerPageTest" name="validateTheEditedCustomerValues_AfterClickingAddEditButtonInCustomersPageInPeopleLink" time="11.724"/>
  <system-out/>
  <testcase classname="com.test.CustomerPageTest" name="validateTheDeleteIcon_AfterClickingDeleteButtonInCustomersPageInPeopleLink" time="9.541"/>
  <system-out/>
</testsuite> <!-- com.test.CustomerPageTest -->
