<?xml version="1.0" encoding="UTF-8"?>
<!-- Generated by org.testng.reporters.JUnitReportReporter -->
<testsuite hostname="LAPTOP-RT36H2LD" failures="0" tests="3" name="com.test.ExpensePageTest" time="23.028" errors="0" timestamp="2023-05-24T10:28:58 IST" skipped="0">
  <testcase classname="com.test.ExpensePageTest" name="validateAddExpensePageHasElementsDisplayed_WhenAddExpenseButtonIsClicked" time="5.994"/>
  <system-out/>
  <testcase classname="com.test.ExpensePageTest" name="validateTheEnteredExpenseValues_AfterClickingAddExpenseButtonInExpensePage" time="9.015"/>
  <system-out/>
  <testcase classname="com.test.ExpensePageTest" name="validateTheEditedExpenseValues_AfterClickingEditButtonInExpensePage" time="8.019"/>
  <system-out/>
</testsuite> <!-- com.test.ExpensePageTest -->
