<?xml version="1.0" encoding="UTF-8"?>
<!-- Generated by org.testng.reporters.JUnitReportReporter -->
<testsuite hostname="LAPTOP-RT36H2LD" failures="0" tests="1" name="com.test.LoginTest" time="7.446" errors="0" timestamp="2023-03-28T09:35:52 IST" skipped="0">
  <testcase classname="com.test.LoginTest" name="loginValidation" time="7.446"/>
  <system-out/>
</testsuite> <!-- com.test.LoginTest -->
