<?xml version="1.0" encoding="UTF-8"?>
<!-- Generated by org.testng.reporters.JUnitReportReporter -->
<testsuite hostname="LAPTOP-RT36H2LD" failures="0" tests="3" name="com.test.ExpensePageTest" time="20.942" errors="0" timestamp="2023-05-05T18:44:44 IST" skipped="1">
  <testcase classname="com.test.ExpensePageTest" name="validateEnteredExpenseValues" time="15.897"/>
  <system-out/>
  <testcase classname="com.test.ExpensePageTest" name="validateTheEditedStoreValues" time="5.045"/>
  <system-out/>
  <testcase classname="com.test.ExpensePageTest" name="validateAddExpensePageHasElementsDisplayed">
    <skipped/>
  </testcase> <!-- validateAddExpensePageHasElementsDisplayed -->
  <system-out/>
</testsuite> <!-- com.test.ExpensePageTest -->
