<?xml version="1.0" encoding="UTF-8"?>
<!-- Generated by org.testng.reporters.JUnitReportReporter -->
<testsuite hostname="LAPTOP-RT36H2LD" failures="0" tests="4" name="com.test.SupplierPageTest" time="19.564" errors="0" timestamp="2023-04-13T19:26:18 IST" skipped="0">
  <testcase classname="com.test.SupplierPageTest" name="validateAddSupplierPageHasElementsDisplayed" time="3.741"/>
  <system-out/>
  <testcase classname="com.test.SupplierPageTest" name="validateTheEnteredValuesInSuppliersPage" time="4.945"/>
  <system-out/>
  <testcase classname="com.test.SupplierPageTest" name="validateTheEditedSupplierValues" time="6.102"/>
  <system-out/>
  <testcase classname="com.test.SupplierPageTest" name="validateTheDeleteIcon" time="4.776"/>
  <system-out/>
</testsuite> <!-- com.test.SupplierPageTest -->
