<?xml version="1.0" encoding="UTF-8"?>
<!-- Generated by org.testng.reporters.JUnitReportReporter -->
<testsuite hostname="LAPTOP-RT36H2LD" failures="0" tests="2" name="com.test.UsersPageTest" time="24.682" errors="0" timestamp="2023-04-13T19:36:17 IST" skipped="0">
  <testcase classname="com.test.UsersPageTest" name="validateAddUsersPageHasElementsDisplayed" time="10.416"/>
  <system-out/>
  <testcase classname="com.test.UsersPageTest" name="validateEnteredUserValues" time="14.266"/>
  <system-out/>
</testsuite> <!-- com.test.UsersPageTest -->
