<?xml version="1.0" encoding="UTF-8"?>
<!-- Generated by org.testng.reporters.JUnitReportReporter -->
<testsuite hostname="LAPTOP-RT36H2LD" failures="0" tests="4" name="com.test.CustomerPageTest" time="816.183" errors="0" timestamp="2023-04-09T22:38:11 IST" skipped="0">
  <testcase classname="com.test.CustomerPageTest" name="validateAddCustomerPageHasElementsDisplayed" time="194.220"/>
  <system-out/>
  <testcase classname="com.test.CustomerPageTest" name="validateTheEnteredValuesInCustomersPage" time="216.574"/>
  <system-out/>
  <testcase classname="com.test.CustomerPageTest" name="validateTheEditedStoreValues" time="193.913"/>
  <system-out/>
  <testcase classname="com.test.CustomerPageTest" name="validateTheDeleteIcon" time="211.476"/>
  <system-out/>
</testsuite> <!-- com.test.CustomerPageTest -->
