<?xml version="1.0" encoding="UTF-8"?>
<!-- Generated by org.testng.reporters.JUnitReportReporter -->
<testsuite hostname="LAPTOP-RT36H2LD" failures="0" tests="4" name="com.test.ExpenseInCategoriesTestPage" time="35.964" errors="0" timestamp="2023-05-25T19:48:24 IST" skipped="0">
  <testcase classname="com.test.ExpenseInCategoriesTestPage" name="validateAddExpensePageInCategoriesLinkHasElementsDisplayed_WhenAddCustomerButtonIsClicked" time="7.426"/>
  <system-out/>
  <testcase classname="com.test.ExpenseInCategoriesTestPage" name="validateTheEnteredCategoryValues_AfterClickingAddCustomerButtonInExpensePageInCategoryLink" time="9.374"/>
  <system-out/>
  <testcase classname="com.test.ExpenseInCategoriesTestPage" name="validateTheEditedCategoryValues_AfterClickingEditButtonInExpensePageInCategoryLink" time="9.285"/>
  <system-out/>
  <testcase classname="com.test.ExpenseInCategoriesTestPage" name="validateTheDeleteIcon_AfterClickingDeleteButtonInExpensePageInCategoryLink" time="9.879"/>
  <system-out/>
</testsuite> <!-- com.test.ExpenseInCategoriesTestPage -->
