<?xml version="1.0" encoding="UTF-8"?>
<!-- Generated by org.testng.reporters.JUnitReportReporter -->
<testsuite hostname="LAPTOP-RT36H2LD" failures="0" tests="4" name="com.test.ProductInCategoriesTestPage" time="14.952" errors="0" timestamp="2023-05-22T19:56:17 IST" skipped="0">
  <testcase classname="com.test.ProductInCategoriesTestPage" name="validateAddCategoryPageInProductPageInCategoriesLinkHasElementsDisplayed_WhenAddCategoryButtonIsClicked" time="2.368"/>
  <system-out/>
  <testcase classname="com.test.ProductInCategoriesTestPage" name="validateTheEnteredCategoryValues_AfterClickingAddCategoryButtonInProductPageInCategoryLink" time="3.616"/>
  <system-out/>
  <testcase classname="com.test.ProductInCategoriesTestPage" name="validateTheEditedCategoryValues_AfterClickingEditButtonInProductPageInCategoryLink" time="4.670"/>
  <system-out/>
  <testcase classname="com.test.ProductInCategoriesTestPage" name="validateTheDeleteCategoryValues_AfterClickingDeleteButtonInProductPageInCategoryLink" time="4.298"/>
  <system-out/>
</testsuite> <!-- com.test.ProductInCategoriesTestPage -->
