<?xml version="1.0" encoding="UTF-8"?>
<!-- Generated by org.testng.reporters.JUnitReportReporter -->
<testsuite hostname="LAPTOP-RT36H2LD" failures="0" tests="4" name="com.test.StorePageTest" time="46.363" errors="0" timestamp="2023-05-24T10:28:58 IST" skipped="0">
  <testcase classname="com.test.StorePageTest" name="validateAddStorePageHasElementsDisplayed_WhenAddStoreButtonIsClicked" time="8.142"/>
  <system-out/>
  <testcase classname="com.test.StorePageTest" name="validateTheEnteredStoreValues_AfterClickingAddStoreButtonInStorePage" time="16.967"/>
  <system-out/>
  <testcase classname="com.test.StorePageTest" name="validateTheEditedStoreValues_AfterClickingEditButtonInStorePage" time="10.695"/>
  <system-out/>
  <testcase classname="com.test.StorePageTest" name="validateTheDeleteIcon_AfterClickingDeleteButtonInStorePage" time="10.559"/>
  <system-out/>
</testsuite> <!-- com.test.StorePageTest -->
