<?xml version="1.0" encoding="UTF-8"?>
<!-- Generated by org.testng.reporters.JUnitReportReporter -->
<testsuite hostname="LAPTOP-RT36H2LD" failures="0" tests="1" name="com.test.HomePageTest" time="0.568" errors="0" timestamp="2023-04-28T19:37:03 IST" skipped="0">
  <testcase classname="com.test.HomePageTest" name="validateTheLinksDisplayedInHomePage" time="0.568"/>
  <system-out/>
</testsuite> <!-- com.test.HomePageTest -->
