<?xml version="1.0" encoding="UTF-8"?>
<!-- Generated by org.testng.reporters.JUnitReportReporter -->
<testsuite hostname="LAPTOP-RT36H2LD" failures="0" tests="5" name="com.test.ExpensePageTest" time="47.406" errors="0" timestamp="2023-05-22T19:56:17 IST" skipped="2">
  <testcase classname="com.test.ExpensePageTest" name="validateAddExpensePageHasElementsDisplayed_WhenAddExpenseButtonIsClicked" time="2.149"/>
  <system-out/>
  <testcase classname="com.test.ExpensePageTest" name="validateTheEnteredExpenseValues_AfterClickingAddExpenseButtonInExpensePage" time="23.917"/>
  <system-out/>
  <testcase classname="com.test.ExpensePageTest" name="validateTheEnteredExpenseValues_AfterClickingAddExpenseButtonInExpensePage" time="5.005">
    <skipped/>
  </testcase> <!-- validateTheEnteredExpenseValues_AfterClickingAddExpenseButtonInExpensePage -->
  <system-out/>
  <testcase classname="com.test.ExpensePageTest" name="validateTheEditedExpenseValues_AfterClickingEditButtonInExpensePage" time="12.215">
    <skipped/>
  </testcase> <!-- validateTheEditedExpenseValues_AfterClickingEditButtonInExpensePage -->
  <system-out/>
  <testcase classname="com.test.ExpensePageTest" name="validateTheEditedExpenseValues_AfterClickingEditButtonInExpensePage" time="4.120"/>
  <system-out/>
</testsuite> <!-- com.test.ExpensePageTest -->
