<?xml version="1.0" encoding="UTF-8"?>
<!-- Generated by org.testng.reporters.JUnitReportReporter -->
<testsuite hostname="LAPTOP-RT36H2LD" failures="0" tests="4" name="com.test.ExpenseInCategoriesTestPage" time="10.869" errors="0" timestamp="2023-05-22T19:56:17 IST" skipped="1">
  <testcase classname="com.test.ExpenseInCategoriesTestPage" name="validateAddExpensePageInCategoriesLinkHasElementsDisplayed_WhenAddCustomerButtonIsClicked" time="2.548"/>
  <system-out/>
  <testcase classname="com.test.ExpenseInCategoriesTestPage" name="validateTheEnteredCategoryValues_AfterClickingAddCustomerButtonInExpensePageInCategoryLink" time="3.851"/>
  <system-out/>
  <testcase classname="com.test.ExpenseInCategoriesTestPage" name="validateTheEditedCategoryValues_AfterClickingEditButtonInExpensePageInCategoryLink" time="4.470"/>
  <system-out/>
  <testcase classname="com.test.ExpenseInCategoriesTestPage" name="validateTheDeleteIcon_AfterClickingDeleteButtonInExpensePageInCategoryLink">
    <skipped/>
  </testcase> <!-- validateTheDeleteIcon_AfterClickingDeleteButtonInExpensePageInCategoryLink -->
  <system-out/>
</testsuite> <!-- com.test.ExpenseInCategoriesTestPage -->
