<?xml version="1.0" encoding="UTF-8"?>
<!-- Generated by org.testng.reporters.JUnitReportReporter -->
<testsuite hostname="LAPTOP-RT36H2LD" failures="0" tests="6" name="com.test.CustomerPageTest" time="60.612" errors="0" timestamp="2023-04-28T18:59:25 IST" skipped="0">
  <testcase classname="com.test.CustomerPageTest" name="validateAddCustomerPageHasElementsDisplayed" time="3.807"/>
  <system-out/>
  <testcase classname="com.test.CustomerPageTest" name="validateTheEnteredValuesInCustomersPage" time="13.116"/>
  <system-out/>
  <testcase classname="com.test.CustomerPageTest" name="validateTheEnteredValuesInCustomersPage" time="15.044"/>
  <system-out/>
  <testcase classname="com.test.CustomerPageTest" name="validateTheEditedCustomerValues" time="7.050"/>
  <system-out/>
  <testcase classname="com.test.CustomerPageTest" name="validateTheEditedCustomerValues" time="12.719"/>
  <system-out/>
  <testcase classname="com.test.CustomerPageTest" name="validateTheDeleteIcon" time="8.876"/>
  <system-out/>
</testsuite> <!-- com.test.CustomerPageTest -->
