<?xml version="1.0" encoding="UTF-8"?>
<!-- Generated by org.testng.reporters.JUnitReportReporter -->
<testsuite hostname="LAPTOP-RT36H2LD" failures="0" tests="1" name="com.test.SettingsTestPage" time="7.263" errors="0" timestamp="2023-05-25T19:48:24 IST" skipped="0">
  <testcase classname="com.test.SettingsTestPage" name="validateSettingsPageHasElementsDisplayed_WhileClickingOnSettingsLink" time="7.263"/>
  <system-out/>
</testsuite> <!-- com.test.SettingsTestPage -->
