<?xml version="1.0" encoding="UTF-8"?>
<!-- Generated by org.testng.reporters.JUnitReportReporter -->
<testsuite hostname="LAPTOP-RT36H2LD" failures="0" tests="4" name="com.test.ProductInCategoriesTestPage" time="36.005" errors="0" timestamp="2023-05-05T18:58:54 IST" skipped="0">
  <testcase classname="com.test.ProductInCategoriesTestPage" name="validateAddProductInCategoryPageHasElementsDisplayed" time="9.344"/>
  <system-out/>
  <testcase classname="com.test.ProductInCategoriesTestPage" name="validateEnteredProductValues" time="5.811"/>
  <system-out/>
  <testcase classname="com.test.ProductInCategoriesTestPage" name="validateTheEditedProductValues" time="14.887"/>
  <system-out/>
  <testcase classname="com.test.ProductInCategoriesTestPage" name="validateTheDeleteIcon" time="5.963"/>
  <system-out/>
</testsuite> <!-- com.test.ProductInCategoriesTestPage -->
