<?xml version="1.0" encoding="UTF-8"?>
<!-- Generated by org.testng.reporters.JUnitReportReporter -->
<testsuite hostname="LAPTOP-RT36H2LD" failures="0" tests="6" name="com.test.WaiterPageTest" time="65.032" errors="0" timestamp="2023-05-25T19:48:24 IST" skipped="0">
  <testcase classname="com.test.WaiterPageTest" name="validateAddWaiterPageHasElementsDisplayed_WhenAddWaitererButtonIsClicked" time="7.644"/>
  <system-out/>
  <testcase classname="com.test.WaiterPageTest" name="validateTheEnteredValuesInWaiterPage_AfterClickingAddWaitererButtonInWaiterPage" time="14.476"/>
  <system-out/>
  <testcase classname="com.test.WaiterPageTest" name="validateTheEnteredValuesInWaiterPage_AfterClickingAddWaitererButtonInWaiterPage" time="11.614"/>
  <system-out/>
  <testcase classname="com.test.WaiterPageTest" name="validateTheEditedWaiterValues_AfterClickingEditButtonInWaiterPage" time="10.308"/>
  <system-out/>
  <testcase classname="com.test.WaiterPageTest" name="validateTheEditedWaiterValues_AfterClickingEditButtonInWaiterPage" time="10.588"/>
  <system-out/>
  <testcase classname="com.test.WaiterPageTest" name="validateTheDeleteIcon_AfterClickingDeleteButtonInWaiterPage" time="10.402"/>
  <system-out/>
</testsuite> <!-- com.test.WaiterPageTest -->
