<?xml version="1.0" encoding="UTF-8"?>
<!-- Generated by org.testng.reporters.JUnitReportReporter -->
<testsuite hostname="LAPTOP-RT36H2LD" failures="0" tests="4" name="com.test.ProductInCategoriesTestPage" time="15.654" errors="0" timestamp="2023-05-07T12:31:40 IST" skipped="0">
  <testcase classname="com.test.ProductInCategoriesTestPage" name="validateAddProductInCategoryPageHasElementsDisplayed" time="2.358"/>
  <system-out/>
  <testcase classname="com.test.ProductInCategoriesTestPage" name="validateEnteredProductValues" time="4.634"/>
  <system-out/>
  <testcase classname="com.test.ProductInCategoriesTestPage" name="validateTheEditedProductValues" time="4.694"/>
  <system-out/>
  <testcase classname="com.test.ProductInCategoriesTestPage" name="validateTheDeleteIcon" time="3.968"/>
  <system-out/>
</testsuite> <!-- com.test.ProductInCategoriesTestPage -->
