<?xml version="1.0" encoding="UTF-8"?>
<!-- Generated by org.testng.reporters.JUnitReportReporter -->
<testsuite hostname="LAPTOP-RT36H2LD" failures="0" tests="1" name="com.test.LogoutTestPage" time="1.218" errors="0" timestamp="2023-05-07T12:31:40 IST" skipped="0">
  <testcase classname="com.test.LogoutTestPage" name="validateLogoutPage" time="1.218"/>
  <system-out/>
</testsuite> <!-- com.test.LogoutTestPage -->
