<?xml version="1.0" encoding="UTF-8"?>
<!-- Generated by org.testng.reporters.JUnitReportReporter -->
<testsuite hostname="LAPTOP-RT36H2LD" failures="0" tests="1" name="com.test.LogoutTestPage" time="1.488" errors="0" timestamp="2023-04-28T18:59:25 IST" skipped="0">
  <testcase classname="com.test.LogoutTestPage" name="validateLogoutPage" time="1.488"/>
  <system-out/>
</testsuite> <!-- com.test.LogoutTestPage -->
