<?xml version="1.0" encoding="UTF-8"?>
<!-- Generated by org.testng.reporters.JUnitReportReporter -->
<testsuite hostname="LAPTOP-RT36H2LD" failures="0" tests="4" name="com.test.ProductInCategoriesTestPage" time="20.967" errors="0" timestamp="2023-04-13T19:26:18 IST" skipped="0">
  <testcase classname="com.test.ProductInCategoriesTestPage" name="validateAddProductInCategoryPageHasElementsDisplayed" time="3.610"/>
  <system-out/>
  <testcase classname="com.test.ProductInCategoriesTestPage" name="validateEnteredProductValues" time="5.621"/>
  <system-out/>
  <testcase classname="com.test.ProductInCategoriesTestPage" name="validateTheEditedProductValues" time="6.700"/>
  <system-out/>
  <testcase classname="com.test.ProductInCategoriesTestPage" name="validateTheDeleteIcon" time="5.036"/>
  <system-out/>
</testsuite> <!-- com.test.ProductInCategoriesTestPage -->
