<?xml version="1.0" encoding="UTF-8"?>
<!-- Generated by org.testng.reporters.JUnitReportReporter -->
<testsuite hostname="LAPTOP-RT36H2LD" failures="0" tests="6" name="com.test.SupplierPageTest" time="28.839" errors="0" timestamp="2023-05-16T19:53:23 IST" skipped="0">
  <testcase classname="com.test.SupplierPageTest" name="validateAddSupplierPageHasElementsDisplayed" time="3.611"/>
  <system-out/>
  <testcase classname="com.test.SupplierPageTest" name="validateTheEnteredValuesInSuppliersPage" time="5.774"/>
  <system-out/>
  <testcase classname="com.test.SupplierPageTest" name="validateTheEnteredValuesInSuppliersPage" time="5.165"/>
  <system-out/>
  <testcase classname="com.test.SupplierPageTest" name="validateTheEditedSupplierValues" time="5.344"/>
  <system-out/>
  <testcase classname="com.test.SupplierPageTest" name="validateTheEditedSupplierValues" time="5.119"/>
  <system-out/>
  <testcase classname="com.test.SupplierPageTest" name="validateTheDeleteIcon" time="3.826"/>
  <system-out/>
</testsuite> <!-- com.test.SupplierPageTest -->
