<?xml version="1.0" encoding="UTF-8"?>
<!-- Generated by org.testng.reporters.JUnitReportReporter -->
<testsuite hostname="LAPTOP-RT36H2LD" failures="0" tests="6" name="com.test.WaiterPageTest" time="36.355" errors="0" timestamp="2023-04-13T20:29:54 IST" skipped="1">
  <testcase classname="com.test.WaiterPageTest" name="validateTheEnteredValuesInWaiterPage" time="5.501"/>
  <system-out/>
  <testcase classname="com.test.WaiterPageTest" name="validateTheEnteredValuesInWaiterPage" time="5.911"/>
  <system-out/>
  <testcase classname="com.test.WaiterPageTest" name="validateTheEditedWaiterValues" time="13.299"/>
  <system-out/>
  <testcase classname="com.test.WaiterPageTest" name="validateTheEditedWaiterValues" time="6.339"/>
  <system-out/>
  <testcase classname="com.test.WaiterPageTest" name="validateTheDeleteIcon" time="5.305"/>
  <system-out/>
  <testcase classname="com.test.WaiterPageTest" name="validateAddWaiterPageHasElementsDisplayed">
    <skipped/>
  </testcase> <!-- validateAddWaiterPageHasElementsDisplayed -->
  <system-out/>
</testsuite> <!-- com.test.WaiterPageTest -->
