<?xml version="1.0" encoding="UTF-8"?>
<!-- Generated by org.testng.reporters.JUnitReportReporter -->
<testsuite hostname="LAPTOP-RT36H2LD" failures="0" tests="3" name="com.test.LoginPageTest" time="53.697" errors="0" timestamp="2023-05-24T11:30:17 IST" skipped="0">
  <testcase classname="com.test.LoginPageTest" name="validateLoginPage_ByEnteringUsernameAndPassword" time="19.612"/>
  <system-out/>
  <testcase classname="com.test.LoginPageTest" name="validateLoginPage_ByEnteringUsernameAndPassword" time="16.899"/>
  <system-out/>
  <testcase classname="com.test.LoginPageTest" name="validateLoginPage_ByEnteringUsernameAndPassword" time="17.186"/>
  <system-out/>
</testsuite> <!-- com.test.LoginPageTest -->
