<?xml version="1.0" encoding="UTF-8"?>
<!-- Generated by org.testng.reporters.JUnitReportReporter -->
<testsuite hostname="LAPTOP-RT36H2LD" failures="0" tests="4" name="com.test.ProductPageTest" time="136.553" errors="0" timestamp="2023-05-07T12:31:40 IST" skipped="0">
  <testcase classname="com.test.ProductPageTest" name="validateAddProductPageHasElementsDisplayed" time="21.506"/>
  <system-out/>
  <testcase classname="com.test.ProductPageTest" name="validateEnteredProductValues" time="59.470"/>
  <system-out/>
  <testcase classname="com.test.ProductPageTest" name="validateTheEditedProducteValues" time="24.974"/>
  <system-out/>
  <testcase classname="com.test.ProductPageTest" name="validateTheDeleteIcon" time="30.603"/>
  <system-out/>
</testsuite> <!-- com.test.ProductPageTest -->
