<?xml version="1.0" encoding="UTF-8"?>
<!-- Generated by org.testng.reporters.JUnitReportReporter -->
<testsuite hostname="LAPTOP-RT36H2LD" failures="0" tests="4" name="com.test.ExpenseInCategoriesTestPage" time="63.022" errors="0" timestamp="2023-04-28T18:59:25 IST" skipped="0">
  <testcase classname="com.test.ExpenseInCategoriesTestPage" name="validateAddExpensePageHasElementsDisplayed" time="2.273"/>
  <system-out/>
  <testcase classname="com.test.ExpenseInCategoriesTestPage" name="validateEnteredProductValues" time="22.160"/>
  <system-out/>
  <testcase classname="com.test.ExpenseInCategoriesTestPage" name="validateTheEditedStoreValues" time="7.904"/>
  <system-out/>
  <testcase classname="com.test.ExpenseInCategoriesTestPage" name="validateTheDeleteIcon" time="30.685"/>
  <system-out/>
</testsuite> <!-- com.test.ExpenseInCategoriesTestPage -->
