<?xml version="1.0" encoding="UTF-8"?>
<!-- Generated by org.testng.reporters.JUnitReportReporter -->
<testsuite hostname="LAPTOP-RT36H2LD" failures="0" tests="4" name="com.test.ProductPageTest" time="66.315" errors="0" timestamp="2023-05-24T10:28:58 IST" skipped="0">
  <testcase classname="com.test.ProductPageTest" name="validateAddProductPageHasElementsDisplayed_WhenAddProductButtonIsClicked" time="9.905"/>
  <system-out/>
  <testcase classname="com.test.ProductPageTest" name="validateTheEnteredProductValues_AfterClickingAddProductButtonInProductPage" time="29.175"/>
  <system-out/>
  <testcase classname="com.test.ProductPageTest" name="validateTheEditedProducteValues_AfterClickingEdittButtonInProductPage" time="16.543"/>
  <system-out/>
  <testcase classname="com.test.ProductPageTest" name="validateTheDeleteIcon_AfterClickingDeleteButtonInProductPage" time="10.692"/>
  <system-out/>
</testsuite> <!-- com.test.ProductPageTest -->
