<?xml version="1.0" encoding="UTF-8"?>
<!-- Generated by org.testng.reporters.JUnitReportReporter -->
<testsuite hostname="LAPTOP-RT36H2LD" failures="0" tests="7" name="com.test.WaiterPageTest" time="80.018" errors="0" timestamp="2023-05-24T10:28:58 IST" skipped="1">
  <testcase classname="com.test.WaiterPageTest" name="validateAddWaiterPageHasElementsDisplayed_WhenAddWaitererButtonIsClicked" time="6.829"/>
  <system-out/>
  <testcase classname="com.test.WaiterPageTest" name="validateTheEnteredValuesInWaiterPage_AfterClickingAddWaitererButtonInWaiterPage" time="32.060">
    <skipped/>
  </testcase> <!-- validateTheEnteredValuesInWaiterPage_AfterClickingAddWaitererButtonInWaiterPage -->
  <system-out/>
  <testcase classname="com.test.WaiterPageTest" name="validateTheEnteredValuesInWaiterPage_AfterClickingAddWaitererButtonInWaiterPage" time="9.509"/>
  <system-out/>
  <testcase classname="com.test.WaiterPageTest" name="validateTheEnteredValuesInWaiterPage_AfterClickingAddWaitererButtonInWaiterPage" time="8.505"/>
  <system-out/>
  <testcase classname="com.test.WaiterPageTest" name="validateTheEditedWaiterValues_AfterClickingEditButtonInWaiterPage" time="8.050"/>
  <system-out/>
  <testcase classname="com.test.WaiterPageTest" name="validateTheEditedWaiterValues_AfterClickingEditButtonInWaiterPage" time="8.156"/>
  <system-out/>
  <testcase classname="com.test.WaiterPageTest" name="validateTheDeleteIcon_AfterClickingDeleteButtonInWaiterPage" time="6.909"/>
  <system-out/>
</testsuite> <!-- com.test.WaiterPageTest -->
