<?xml version="1.0" encoding="UTF-8"?>
<!-- Generated by org.testng.reporters.JUnitReportReporter -->
<testsuite hostname="LAPTOP-RT36H2LD" failures="0" tests="6" name="com.test.WaiterPageTest" time="48.628" errors="0" timestamp="2023-04-28T18:59:25 IST" skipped="0">
  <testcase classname="com.test.WaiterPageTest" name="validateAddWaiterPageHasElementsDisplayed" time="3.958"/>
  <system-out/>
  <testcase classname="com.test.WaiterPageTest" name="validateTheEnteredValuesInWaiterPage" time="8.805"/>
  <system-out/>
  <testcase classname="com.test.WaiterPageTest" name="validateTheEnteredValuesInWaiterPage" time="9.474"/>
  <system-out/>
  <testcase classname="com.test.WaiterPageTest" name="validateTheEditedWaiterValues" time="9.785"/>
  <system-out/>
  <testcase classname="com.test.WaiterPageTest" name="validateTheEditedWaiterValues" time="10.043"/>
  <system-out/>
  <testcase classname="com.test.WaiterPageTest" name="validateTheDeleteIcon" time="6.563"/>
  <system-out/>
</testsuite> <!-- com.test.WaiterPageTest -->
