<?xml version="1.0" encoding="UTF-8"?>
<!-- Generated by org.testng.reporters.JUnitReportReporter -->
<testsuite hostname="LAPTOP-RT36H2LD" failures="0" tests="6" name="com.test.WaiterPageTest" time="36.001" errors="0" timestamp="2023-05-07T12:31:40 IST" skipped="0">
  <testcase classname="com.test.WaiterPageTest" name="validateAddWaiterPageHasElementsDisplayed" time="2.588"/>
  <system-out/>
  <testcase classname="com.test.WaiterPageTest" name="validateTheEnteredValuesInWaiterPage" time="7.786"/>
  <system-out/>
  <testcase classname="com.test.WaiterPageTest" name="validateTheEnteredValuesInWaiterPage" time="7.340"/>
  <system-out/>
  <testcase classname="com.test.WaiterPageTest" name="validateTheEditedWaiterValues" time="6.585"/>
  <system-out/>
  <testcase classname="com.test.WaiterPageTest" name="validateTheEditedWaiterValues" time="7.846"/>
  <system-out/>
  <testcase classname="com.test.WaiterPageTest" name="validateTheDeleteIcon" time="3.856"/>
  <system-out/>
</testsuite> <!-- com.test.WaiterPageTest -->
