<?xml version="1.0" encoding="UTF-8"?>
<!-- Generated by org.testng.reporters.JUnitReportReporter -->
<testsuite hostname="LAPTOP-RT36H2LD" failures="0" tests="6" name="com.test.CustomerPageTest" time="26.554" errors="0" timestamp="2023-05-07T12:31:40 IST" skipped="0">
  <testcase classname="com.test.CustomerPageTest" name="validateAddCustomerPageHasElementsDisplayed" time="2.437"/>
  <system-out/>
  <testcase classname="com.test.CustomerPageTest" name="validateTheEnteredValuesInCustomersPage" time="4.951"/>
  <system-out/>
  <testcase classname="com.test.CustomerPageTest" name="validateTheEnteredValuesInCustomersPage" time="4.734"/>
  <system-out/>
  <testcase classname="com.test.CustomerPageTest" name="validateTheEditedCustomerValues" time="5.385"/>
  <system-out/>
  <testcase classname="com.test.CustomerPageTest" name="validateTheEditedCustomerValues" time="5.008"/>
  <system-out/>
  <testcase classname="com.test.CustomerPageTest" name="validateTheDeleteIcon" time="4.039"/>
  <system-out/>
</testsuite> <!-- com.test.CustomerPageTest -->
