<?xml version="1.0" encoding="UTF-8"?>
<!-- Generated by org.testng.reporters.JUnitReportReporter -->
<testsuite hostname="LAPTOP-RT36H2LD" failures="0" tests="4" name="com.test.ExpenseInCategoriesTestPage" time="13.316" errors="0" timestamp="2023-05-16T19:53:23 IST" skipped="0">
  <testcase classname="com.test.ExpenseInCategoriesTestPage" name="validateAddExpensePageHasElementsDisplayed" time="2.053"/>
  <system-out/>
  <testcase classname="com.test.ExpenseInCategoriesTestPage" name="validateEnteredProductValues" time="3.783"/>
  <system-out/>
  <testcase classname="com.test.ExpenseInCategoriesTestPage" name="validateTheEditedStoreValues" time="4.577"/>
  <system-out/>
  <testcase classname="com.test.ExpenseInCategoriesTestPage" name="validateTheDeleteIcon" time="2.903"/>
  <system-out/>
</testsuite> <!-- com.test.ExpenseInCategoriesTestPage -->
