<?xml version="1.0" encoding="UTF-8"?>
<!-- Generated by org.testng.reporters.JUnitReportReporter -->
<testsuite hostname="LAPTOP-RT36H2LD" failures="0" tests="4" name="com.test.ProductInCategoriesTestPage" time="272.618" errors="0" timestamp="2023-04-09T22:58:53 IST" skipped="1">
  <testcase classname="com.test.ProductInCategoriesTestPage" name="validateEnteredProductValues" time="165.177"/>
  <system-out/>
  <testcase classname="com.test.ProductInCategoriesTestPage" name="validateTheEditedStoreValues" time="38.570"/>
  <system-out/>
  <testcase classname="com.test.ProductInCategoriesTestPage" name="validateTheDeleteIcon" time="68.871"/>
  <system-out/>
  <testcase classname="com.test.ProductInCategoriesTestPage" name="validateAddCategoryPageHasElementsDisplayed">
    <skipped/>
  </testcase> <!-- validateAddCategoryPageHasElementsDisplayed -->
  <system-out/>
</testsuite> <!-- com.test.ProductInCategoriesTestPage -->
