<?xml version="1.0" encoding="UTF-8"?>
<!-- Generated by org.testng.reporters.JUnitReportReporter -->
<testsuite hostname="LAPTOP-RT36H2LD" failures="0" tests="4" name="com.test.StorePageTest" time="18.665" errors="0" timestamp="2023-05-16T19:53:23 IST" skipped="0">
  <testcase classname="com.test.StorePageTest" name="validateAddStorePageHasElementsDisplayed" time="2.841"/>
  <system-out/>
  <testcase classname="com.test.StorePageTest" name="validateEnteredStoreValues" time="5.744"/>
  <system-out/>
  <testcase classname="com.test.StorePageTest" name="validateTheEditedStoreValues" time="6.058"/>
  <system-out/>
  <testcase classname="com.test.StorePageTest" name="validateTheDeleteIcon" time="4.022"/>
  <system-out/>
</testsuite> <!-- com.test.StorePageTest -->
