<?xml version="1.0" encoding="UTF-8"?>
<!-- Generated by org.testng.reporters.JUnitReportReporter -->
<testsuite hostname="LAPTOP-RT36H2LD" failures="0" tests="2" name="com.test.UsersPageTest" time="18.522" errors="0" timestamp="2023-05-25T19:48:24 IST" skipped="0">
  <testcase classname="com.test.UsersPageTest" name="validateAddUsersPageInSettingsPageHasElementsDisplayed" time="9.072"/>
  <system-out/>
  <testcase classname="com.test.UsersPageTest" name="validateTheEnteredUserValuesInUsersPage_InTheCorrespondingFields" time="9.450"/>
  <system-out/>
</testsuite> <!-- com.test.UsersPageTest -->
