<?xml version="1.0" encoding="UTF-8"?>
<!-- Generated by org.testng.reporters.JUnitReportReporter -->
<testsuite hostname="LAPTOP-RT36H2LD" failures="0" tests="4" name="com.test.StorePageTest" time="23.762" errors="0" timestamp="2023-04-13T19:26:18 IST" skipped="0">
  <testcase classname="com.test.StorePageTest" name="validateAddStorePageHasElementsDisplayed" time="3.895"/>
  <system-out/>
  <testcase classname="com.test.StorePageTest" name="validateTheEnteredStoreValues" time="6.871"/>
  <system-out/>
  <testcase classname="com.test.StorePageTest" name="validateTheEditedStoreValues" time="6.807"/>
  <system-out/>
  <testcase classname="com.test.StorePageTest" name="validateTheDeleteIcon" time="6.189"/>
  <system-out/>
</testsuite> <!-- com.test.StorePageTest -->
