<?xml version="1.0" encoding="UTF-8"?>
<!-- Generated by org.testng.reporters.JUnitReportReporter -->
<testsuite hostname="LAPTOP-RT36H2LD" failures="0" tests="3" name="com.test.CustomerPageTest" time="11.471" errors="0" timestamp="2023-05-24T12:39:30 IST" skipped="0">
  <testcase classname="com.test.CustomerPageTest" name="validateAddCustomersPageInPeopleLinkHasElementsDisplayed_WhenAddCustomerButtonIsClicked" time="3.848"/>
  <system-out/>
  <testcase classname="com.test.CustomerPageTest" name="validateTheEnteredValues_AfterClickingAddCustomerButtonInCustomersPageInPeopleLink" time="4.188"/>
  <system-out/>
  <testcase classname="com.test.CustomerPageTest" name="validateTheEnteredValues_AfterClickingAddCustomerButtonInCustomersPageInPeopleLink" time="3.435"/>
  <system-out/>
</testsuite> <!-- com.test.CustomerPageTest -->
