<?xml version="1.0" encoding="UTF-8"?>
<!-- Generated by org.testng.reporters.JUnitReportReporter -->
<testsuite hostname="LAPTOP-RT36H2LD" failures="0" tests="4" name="com.test.ProductInCategoriesTestPage" time="38.122" errors="0" timestamp="2023-04-28T18:59:25 IST" skipped="0">
  <testcase classname="com.test.ProductInCategoriesTestPage" name="validateAddProductInCategoryPageHasElementsDisplayed" time="2.636"/>
  <system-out/>
  <testcase classname="com.test.ProductInCategoriesTestPage" name="validateEnteredProductValues" time="6.904"/>
  <system-out/>
  <testcase classname="com.test.ProductInCategoriesTestPage" name="validateTheEditedProductValues" time="23.475"/>
  <system-out/>
  <testcase classname="com.test.ProductInCategoriesTestPage" name="validateTheDeleteIcon" time="5.107"/>
  <system-out/>
</testsuite> <!-- com.test.ProductInCategoriesTestPage -->
