<?xml version="1.0" encoding="UTF-8"?>
<!-- Generated by org.testng.reporters.JUnitReportReporter -->
<testsuite hostname="LAPTOP-RT36H2LD" failures="0" tests="3" name="com.test.ExpensePageTest" time="15.650" errors="0" timestamp="2023-05-07T12:38:34 IST" skipped="0">
  <testcase classname="com.test.ExpensePageTest" name="validateAddExpensePageHasElementsDisplayed" time="2.127"/>
  <system-out/>
  <testcase classname="com.test.ExpensePageTest" name="validateEnteredExpenseValues" time="4.773"/>
  <system-out/>
  <testcase classname="com.test.ExpensePageTest" name="validateTheEditedStoreValues" time="8.750"/>
  <system-out/>
</testsuite> <!-- com.test.ExpensePageTest -->
