<?xml version="1.0" encoding="UTF-8"?>
<!-- Generated by org.testng.reporters.JUnitReportReporter -->
<testsuite hostname="LAPTOP-RT36H2LD" failures="0" tests="6" name="com.test.CustomerPageTest" time="27.129" errors="0" timestamp="2023-05-16T19:53:23 IST" skipped="0">
  <testcase classname="com.test.CustomerPageTest" name="validateAddCustomerPageHasElementsDisplayed" time="2.722"/>
  <system-out/>
  <testcase classname="com.test.CustomerPageTest" name="validateTheEnteredValuesInCustomersPage" time="5.408"/>
  <system-out/>
  <testcase classname="com.test.CustomerPageTest" name="validateTheEnteredValuesInCustomersPage" time="4.858"/>
  <system-out/>
  <testcase classname="com.test.CustomerPageTest" name="validateTheEditedCustomerValues" time="4.860"/>
  <system-out/>
  <testcase classname="com.test.CustomerPageTest" name="validateTheEditedCustomerValues" time="5.277"/>
  <system-out/>
  <testcase classname="com.test.CustomerPageTest" name="validateTheDeleteIcon" time="4.004"/>
  <system-out/>
</testsuite> <!-- com.test.CustomerPageTest -->
