<?xml version="1.0" encoding="UTF-8"?>
<!-- Generated by org.testng.reporters.JUnitReportReporter -->
<testsuite hostname="LAPTOP-RT36H2LD" failures="0" tests="4" name="com.test.ProductPageTest" time="62.589" errors="0" timestamp="2023-05-25T19:48:24 IST" skipped="0">
  <testcase classname="com.test.ProductPageTest" name="validateAddProductPageHasElementsDisplayed_WhenAddProductButtonIsClicked" time="9.265"/>
  <system-out/>
  <testcase classname="com.test.ProductPageTest" name="validateTheEnteredProductValues_AfterClickingAddProductButtonInProductPage" time="29.413"/>
  <system-out/>
  <testcase classname="com.test.ProductPageTest" name="validateTheEditedProducteValues_AfterClickingEdittButtonInProductPage" time="12.912"/>
  <system-out/>
  <testcase classname="com.test.ProductPageTest" name="validateTheDeleteIcon_AfterClickingDeleteButtonInProductPage" time="10.999"/>
  <system-out/>
</testsuite> <!-- com.test.ProductPageTest -->
