<?xml version="1.0" encoding="UTF-8"?>
<!-- Generated by org.testng.reporters.JUnitReportReporter -->
<testsuite hostname="LAPTOP-RT36H2LD" failures="0" tests="4" name="com.test.StorePageTest" time="19.373" errors="0" timestamp="2023-05-07T12:31:40 IST" skipped="0">
  <testcase classname="com.test.StorePageTest" name="validateAddStorePageHasElementsDisplayed" time="3.122"/>
  <system-out/>
  <testcase classname="com.test.StorePageTest" name="validateEnteredStoreValues" time="6.995"/>
  <system-out/>
  <testcase classname="com.test.StorePageTest" name="validateTheEditedStoreValues" time="5.322"/>
  <system-out/>
  <testcase classname="com.test.StorePageTest" name="validateTheDeleteIcon" time="3.934"/>
  <system-out/>
</testsuite> <!-- com.test.StorePageTest -->
