<?xml version="1.0" encoding="UTF-8"?>
<!-- Generated by org.testng.reporters.JUnitReportReporter -->
<testsuite hostname="LAPTOP-RT36H2LD" failures="0" tests="4" name="com.test.ExpensePageTest" time="34.330" errors="0" timestamp="2023-05-25T19:48:24 IST" skipped="1">
  <testcase classname="com.test.ExpensePageTest" name="validateAddExpensePageHasElementsDisplayed_WhenAddExpenseButtonIsClicked" time="7.125"/>
  <system-out/>
  <testcase classname="com.test.ExpensePageTest" name="validateTheEnteredExpenseValues_AfterClickingAddExpenseButtonInExpensePage" time="8.617"/>
  <system-out/>
  <testcase classname="com.test.ExpensePageTest" name="validateTheEditedExpenseValues_AfterClickingEditButtonInExpensePage" time="9.375"/>
  <system-out/>
  <testcase classname="com.test.ExpensePageTest" name="validateTheEditedExpenseValues_AfterClickingEditButtonInExpensePage" time="9.213">
    <skipped/>
  </testcase> <!-- validateTheEditedExpenseValues_AfterClickingEditButtonInExpensePage -->
  <system-out/>
</testsuite> <!-- com.test.ExpensePageTest -->
