<?xml version="1.0" encoding="UTF-8"?>
<!-- Generated by org.testng.reporters.JUnitReportReporter -->
<testsuite hostname="LAPTOP-RT36H2LD" failures="0" tests="4" name="com.test.ExpenseInCategoriesTestPage" time="15.330" errors="0" timestamp="2023-05-05T18:23:40 IST" skipped="1">
  <testcase classname="com.test.ExpenseInCategoriesTestPage" name="validateEnteredProductValues" time="7.649"/>
  <system-out/>
  <testcase classname="com.test.ExpenseInCategoriesTestPage" name="validateTheEditedStoreValues" time="4.188"/>
  <system-out/>
  <testcase classname="com.test.ExpenseInCategoriesTestPage" name="validateTheDeleteIcon" time="3.493"/>
  <system-out/>
  <testcase classname="com.test.ExpenseInCategoriesTestPage" name="validateAddExpensePageHasElementsDisplayed">
    <skipped/>
  </testcase> <!-- validateAddExpensePageHasElementsDisplayed -->
  <system-out/>
</testsuite> <!-- com.test.ExpenseInCategoriesTestPage -->
