<?xml version="1.0" encoding="UTF-8"?>
<!-- Generated by org.testng.reporters.JUnitReportReporter -->
<testsuite hostname="LAPTOP-RT36H2LD" failures="0" tests="6" name="com.test.SupplierPageTest" time="30.030" errors="0" timestamp="2023-05-22T19:56:17 IST" skipped="0">
  <testcase classname="com.test.SupplierPageTest" name="validateAddSupplierPageInPeopleLinkHasElementsDisplayed_WhenAddSupplierButtonIsClicked" time="2.223"/>
  <system-out/>
  <testcase classname="com.test.SupplierPageTest" name="validateTheEnteredSupplierValues_AfterClickingAddSupplierButtonInSupplierPageInPeopleLink" time="4.901"/>
  <system-out/>
  <testcase classname="com.test.SupplierPageTest" name="validateTheEnteredSupplierValues_AfterClickingAddSupplierButtonInSupplierPageInPeopleLink" time="7.372"/>
  <system-out/>
  <testcase classname="com.test.SupplierPageTest" name="validateTheEditedSupplierValues_AfterClickingEditButtonInSupplierPageInPeopleLink" time="5.605"/>
  <system-out/>
  <testcase classname="com.test.SupplierPageTest" name="validateTheEditedSupplierValues_AfterClickingEditButtonInSupplierPageInPeopleLink" time="5.773"/>
  <system-out/>
  <testcase classname="com.test.SupplierPageTest" name="validateTheDeleteIcon_AfterClickingDeleteButtonInSupplierPageInPeopleLink" time="4.156"/>
  <system-out/>
</testsuite> <!-- com.test.SupplierPageTest -->
