<?xml version="1.0" encoding="UTF-8"?>
<!-- Generated by org.testng.reporters.JUnitReportReporter -->
<testsuite hostname="LAPTOP-RT36H2LD" failures="0" tests="2" name="com.test.UsersPageTest" time="14.712" errors="0" timestamp="2023-05-24T10:28:58 IST" skipped="0">
  <testcase classname="com.test.UsersPageTest" name="validateAddUsersPageInSettingsPageHasElementsDisplayed" time="6.728"/>
  <system-out/>
  <testcase classname="com.test.UsersPageTest" name="validateTheEnteredUserValuesInUsersPage_InTheCorrespondingFields" time="7.984"/>
  <system-out/>
</testsuite> <!-- com.test.UsersPageTest -->
