<?xml version="1.0" encoding="UTF-8"?>
<!-- Generated by org.testng.reporters.JUnitReportReporter -->
<testsuite hostname="LAPTOP-RT36H2LD" failures="0" tests="1" name="com.test.LoginPageTest" time="4.468" errors="0" timestamp="2023-04-28T19:37:03 IST" skipped="0">
  <testcase classname="com.test.LoginPageTest" name="validateLoginPage" time="4.468"/>
  <system-out/>
</testsuite> <!-- com.test.LoginPageTest -->
