<?xml version="1.0" encoding="UTF-8"?>
<!-- Generated by org.testng.reporters.JUnitReportReporter -->
<testsuite hostname="LAPTOP-RT36H2LD" failures="0" tests="2" name="com.test.UsersPageTest" time="19.289" errors="0" timestamp="2023-05-07T12:31:40 IST" skipped="0">
  <testcase classname="com.test.UsersPageTest" name="validateAddUsersPageHasElementsDisplayed" time="6.565"/>
  <system-out/>
  <testcase classname="com.test.UsersPageTest" name="validateEnteredUserValues" time="12.724"/>
  <system-out/>
</testsuite> <!-- com.test.UsersPageTest -->
