<?xml version="1.0" encoding="UTF-8"?>
<!-- Generated by org.testng.reporters.JUnitReportReporter -->
<testsuite hostname="LAPTOP-RT36H2LD" failures="0" tests="4" name="com.test.StorePageTest" time="17.391" errors="0" timestamp="2023-05-06T12:14:02 IST" skipped="1">
  <testcase classname="com.test.StorePageTest" name="validateEnteredStoreValues" time="9.546"/>
  <system-out/>
  <testcase classname="com.test.StorePageTest" name="validateTheEditedStoreValues" time="4.250"/>
  <system-out/>
  <testcase classname="com.test.StorePageTest" name="validateTheDeleteIcon" time="3.595"/>
  <system-out/>
  <testcase classname="com.test.StorePageTest" name="validateAddStorePageHasElementsDisplayed">
    <skipped/>
  </testcase> <!-- validateAddStorePageHasElementsDisplayed -->
  <system-out/>
</testsuite> <!-- com.test.StorePageTest -->
