<?xml version="1.0" encoding="UTF-8"?>
<!-- Generated by org.testng.reporters.JUnitReportReporter -->
<testsuite hostname="LAPTOP-RT36H2LD" failures="0" tests="4" name="com.test.SupplierPageTest" time="564.629" errors="0" timestamp="2023-04-09T22:38:11 IST" skipped="0">
  <testcase classname="com.test.SupplierPageTest" name="validateAddSupplierPageHasElementsDisplayed" time="103.882"/>
  <system-out/>
  <testcase classname="com.test.SupplierPageTest" name="validateTheEnteredValuesInCustomersPage" time="190.224"/>
  <system-out/>
  <testcase classname="com.test.SupplierPageTest" name="validateTheEditedStoreValues" time="138.624"/>
  <system-out/>
  <testcase classname="com.test.SupplierPageTest" name="validateTheDeleteIcon" time="131.899"/>
  <system-out/>
</testsuite> <!-- com.test.SupplierPageTest -->
