<?xml version="1.0" encoding="UTF-8"?>
<!-- Generated by org.testng.reporters.JUnitReportReporter -->
<testsuite hostname="LAPTOP-RT36H2LD" failures="0" tests="1" name="com.test.HomePageTest" time="4.952" errors="0" timestamp="2023-05-24T10:28:58 IST" skipped="0">
  <testcase classname="com.test.HomePageTest" name="validateTheLinksDisplayedInHomePage_AfterLogin" time="4.952"/>
  <system-out/>
</testsuite> <!-- com.test.HomePageTest -->
