<?xml version="1.0" encoding="UTF-8"?>
<!-- Generated by org.testng.reporters.JUnitReportReporter -->
<testsuite hostname="LAPTOP-RT36H2LD" failures="0" tests="4" name="com.test.ExpenseInCategoriesTestPage" time="61.522" errors="0" timestamp="2023-05-24T11:27:07 IST" skipped="0">
  <testcase classname="com.test.ExpenseInCategoriesTestPage" name="validateAddExpensePageInCategoriesLinkHasElementsDisplayed_WhenAddCustomerButtonIsClicked" time="13.538"/>
  <system-out/>
  <testcase classname="com.test.ExpenseInCategoriesTestPage" name="validateTheEnteredCategoryValues_AfterClickingAddCustomerButtonInExpensePageInCategoryLink" time="18.057"/>
  <system-out/>
  <testcase classname="com.test.ExpenseInCategoriesTestPage" name="validateTheEditedCategoryValues_AfterClickingEditButtonInExpensePageInCategoryLink" time="13.524"/>
  <system-out/>
  <testcase classname="com.test.ExpenseInCategoriesTestPage" name="validateTheDeleteIcon_AfterClickingDeleteButtonInExpensePageInCategoryLink" time="16.403"/>
  <system-out/>
</testsuite> <!-- com.test.ExpenseInCategoriesTestPage -->
