<?xml version="1.0" encoding="UTF-8"?>
<!-- Generated by org.testng.reporters.JUnitReportReporter -->
<testsuite hostname="LAPTOP-RT36H2LD" failures="0" tests="6" name="com.test.CustomerPageTest" time="27.025" errors="0" timestamp="2023-05-22T19:56:17 IST" skipped="0">
  <testcase classname="com.test.CustomerPageTest" name="validateAddCustomersPageInPeopleLinkHasElementsDisplayed_WhenAddCustomerButtonIsClicked" time="2.936"/>
  <system-out/>
  <testcase classname="com.test.CustomerPageTest" name="validateTheEnteredValues_AfterClickingAddCustomerButtonInCustomersPageInPeopleLink" time="5.011"/>
  <system-out/>
  <testcase classname="com.test.CustomerPageTest" name="validateTheEnteredValues_AfterClickingAddCustomerButtonInCustomersPageInPeopleLink" time="4.697"/>
  <system-out/>
  <testcase classname="com.test.CustomerPageTest" name="validateTheEditedCustomerValues_AfterClickingAddEditButtonInCustomersPageInPeopleLink" time="4.913"/>
  <system-out/>
  <testcase classname="com.test.CustomerPageTest" name="validateTheEditedCustomerValues_AfterClickingAddEditButtonInCustomersPageInPeopleLink" time="5.454"/>
  <system-out/>
  <testcase classname="com.test.CustomerPageTest" name="validateTheDeleteIcon_AfterClickingDeleteButtonInCustomersPageInPeopleLink" time="4.014"/>
  <system-out/>
</testsuite> <!-- com.test.CustomerPageTest -->
