<?xml version="1.0" encoding="UTF-8"?>
<!-- Generated by org.testng.reporters.JUnitReportReporter -->
<testsuite hostname="LAPTOP-RT36H2LD" failures="0" tests="4" name="com.test.ProductInCategoriesTestPage" time="15.123" errors="0" timestamp="2023-04-18T17:00:42 IST" skipped="0">
  <testcase classname="com.test.ProductInCategoriesTestPage" name="validateAddProductInCategoryPageHasElementsDisplayed" time="2.343"/>
  <system-out/>
  <testcase classname="com.test.ProductInCategoriesTestPage" name="validateEnteredProductValues" time="4.315"/>
  <system-out/>
  <testcase classname="com.test.ProductInCategoriesTestPage" name="validateTheEditedProductValues" time="4.662"/>
  <system-out/>
  <testcase classname="com.test.ProductInCategoriesTestPage" name="validateTheDeleteIcon" time="3.803"/>
  <system-out/>
</testsuite> <!-- com.test.ProductInCategoriesTestPage -->
