<?xml version="1.0" encoding="UTF-8"?>
<!-- Generated by org.testng.reporters.JUnitReportReporter -->
<testsuite hostname="LAPTOP-RT36H2LD" failures="0" tests="4" name="com.test.ProductPageTest" time="29.560" errors="0" timestamp="2023-05-16T19:53:23 IST" skipped="0">
  <testcase classname="com.test.ProductPageTest" name="validateAddProductPageHasElementsDisplayed" time="3.950"/>
  <system-out/>
  <testcase classname="com.test.ProductPageTest" name="validateEnteredProductValues" time="8.763"/>
  <system-out/>
  <testcase classname="com.test.ProductPageTest" name="validateTheEditedProducteValues" time="10.352"/>
  <system-out/>
  <testcase classname="com.test.ProductPageTest" name="validateTheDeleteIcon" time="6.495"/>
  <system-out/>
</testsuite> <!-- com.test.ProductPageTest -->
