<?xml version="1.0" encoding="UTF-8"?>
<!-- Generated by org.testng.reporters.JUnitReportReporter -->
<testsuite hostname="LAPTOP-RT36H2LD" failures="0" tests="4" name="com.test.ExpensePageTest" time="38.541" errors="0" timestamp="2023-05-16T19:53:23 IST" skipped="1">
  <testcase classname="com.test.ExpensePageTest" name="validateAddExpensePageHasElementsDisplayed" time="22.594">
    <skipped/>
  </testcase> <!-- validateAddExpensePageHasElementsDisplayed -->
  <system-out/>
  <testcase classname="com.test.ExpensePageTest" name="validateAddExpensePageHasElementsDisplayed" time="2.013"/>
  <system-out/>
  <testcase classname="com.test.ExpensePageTest" name="validateEnteredExpenseValues" time="6.089"/>
  <system-out/>
  <testcase classname="com.test.ExpensePageTest" name="validateTheEditedStoreValues" time="7.845"/>
  <system-out/>
</testsuite> <!-- com.test.ExpensePageTest -->
