<?xml version="1.0" encoding="UTF-8"?>
<!-- Generated by org.testng.reporters.JUnitReportReporter -->
<testsuite hostname="LAPTOP-RT36H2LD" failures="0" tests="4" name="com.test.ProductInCategoriesTestPage" time="34.297" errors="0" timestamp="2023-05-25T19:48:24 IST" skipped="0">
  <testcase classname="com.test.ProductInCategoriesTestPage" name="validateAddCategoryPageInProductPageInCategoriesLinkHasElementsDisplayed_WhenAddCategoryButtonIsClicked" time="7.452"/>
  <system-out/>
  <testcase classname="com.test.ProductInCategoriesTestPage" name="validateTheEnteredCategoryValues_AfterClickingAddCategoryButtonInProductPageInCategoryLink" time="8.628"/>
  <system-out/>
  <testcase classname="com.test.ProductInCategoriesTestPage" name="validateTheEditedCategoryValues_AfterClickingEditButtonInProductPageInCategoryLink" time="9.038"/>
  <system-out/>
  <testcase classname="com.test.ProductInCategoriesTestPage" name="validateTheDeleteCategoryValues_AfterClickingDeleteButtonInProductPageInCategoryLink" time="9.179"/>
  <system-out/>
</testsuite> <!-- com.test.ProductInCategoriesTestPage -->
