<?xml version="1.0" encoding="UTF-8"?>
<!-- Generated by org.testng.reporters.JUnitReportReporter -->
<testsuite hostname="LAPTOP-RT36H2LD" failures="0" tests="4" name="com.test.ExpenseInCategoriesTestPage" time="13.833" errors="0" timestamp="2023-05-07T12:31:40 IST" skipped="0">
  <testcase classname="com.test.ExpenseInCategoriesTestPage" name="validateAddExpensePageHasElementsDisplayed" time="2.526"/>
  <system-out/>
  <testcase classname="com.test.ExpenseInCategoriesTestPage" name="validateEnteredProductValues" time="3.527"/>
  <system-out/>
  <testcase classname="com.test.ExpenseInCategoriesTestPage" name="validateTheEditedStoreValues" time="4.498"/>
  <system-out/>
  <testcase classname="com.test.ExpenseInCategoriesTestPage" name="validateTheDeleteIcon" time="3.282"/>
  <system-out/>
</testsuite> <!-- com.test.ExpenseInCategoriesTestPage -->
