<?xml version="1.0" encoding="UTF-8"?>
<!-- Generated by org.testng.reporters.JUnitReportReporter -->
<testsuite hostname="LAPTOP-RT36H2LD" failures="0" tests="4" name="com.test.StorePageTest" time="31.301" errors="0" timestamp="2023-04-28T19:37:03 IST" skipped="0">
  <testcase classname="com.test.StorePageTest" name="validateAddStorePageHasElementsDisplayed" time="2.725"/>
  <system-out/>
  <testcase classname="com.test.StorePageTest" name="validateTheEnteredStoreValues" time="13.694"/>
  <system-out/>
  <testcase classname="com.test.StorePageTest" name="validateTheEditedStoreValues" time="8.378"/>
  <system-out/>
  <testcase classname="com.test.StorePageTest" name="validateTheDeleteIcon" time="6.504"/>
  <system-out/>
</testsuite> <!-- com.test.StorePageTest -->
