<?xml version="1.0" encoding="UTF-8"?>
<!-- Generated by org.testng.reporters.JUnitReportReporter -->
<testsuite hostname="LAPTOP-RT36H2LD" failures="0" tests="4" name="com.test.StorePageTest" time="34.209" errors="0" timestamp="2023-05-25T19:48:24 IST" skipped="0">
  <testcase classname="com.test.StorePageTest" name="validateAddStorePageHasElementsDisplayed_WhenAddStoreButtonIsClicked" time="6.721"/>
  <system-out/>
  <testcase classname="com.test.StorePageTest" name="validateTheEnteredStoreValues_AfterClickingAddStoreButtonInStorePage" time="11.257"/>
  <system-out/>
  <testcase classname="com.test.StorePageTest" name="validateTheEditedStoreValues_AfterClickingEditButtonInStorePage" time="8.486"/>
  <system-out/>
  <testcase classname="com.test.StorePageTest" name="validateTheDeleteIcon_AfterClickingDeleteButtonInStorePage" time="7.745"/>
  <system-out/>
</testsuite> <!-- com.test.StorePageTest -->
