<?xml version="1.0" encoding="UTF-8"?>
<!-- Generated by org.testng.reporters.JUnitReportReporter -->
<testsuite hostname="LAPTOP-RT36H2LD" failures="0" tests="1" name="com.test.HomePageTest" time="1.529" errors="0" timestamp="2023-04-13T19:26:18 IST" skipped="0">
  <testcase classname="com.test.HomePageTest" name="validateTheLinksDisplayedInHomePage" time="1.529"/>
  <system-out/>
</testsuite> <!-- com.test.HomePageTest -->
