<?xml version="1.0" encoding="UTF-8"?>
<!-- Generated by org.testng.reporters.JUnitReportReporter -->
<testsuite hostname="LAPTOP-RT36H2LD" failures="0" tests="4" name="com.test.WaiterPageTest" time="333.465" errors="0" timestamp="2023-04-09T22:38:11 IST" skipped="0">
  <testcase classname="com.test.WaiterPageTest" name="validateAddWaiterPageHasElementsDisplayed" time="128.006"/>
  <system-out/>
  <testcase classname="com.test.WaiterPageTest" name="validateTheEnteredValuesInWaiterPage" time="55.532"/>
  <system-out/>
  <testcase classname="com.test.WaiterPageTest" name="validateTheEditedStoreValues" time="86.339"/>
  <system-out/>
  <testcase classname="com.test.WaiterPageTest" name="validateTheDeleteIcon" time="63.588"/>
  <system-out/>
</testsuite> <!-- com.test.WaiterPageTest -->
