<?xml version="1.0" encoding="UTF-8"?>
<!-- Generated by org.testng.reporters.JUnitReportReporter -->
<testsuite hostname="LAPTOP-RT36H2LD" failures="0" tests="6" name="com.test.CustomerPageTest" time="61.300" errors="0" timestamp="2023-05-03T11:27:51 IST" skipped="0">
  <testcase classname="com.test.CustomerPageTest" name="validateAddCustomerPageHasElementsDisplayed" time="7.303"/>
  <system-out/>
  <testcase classname="com.test.CustomerPageTest" name="validateTheEnteredValuesInCustomersPage" time="13.509"/>
  <system-out/>
  <testcase classname="com.test.CustomerPageTest" name="validateTheEnteredValuesInCustomersPage" time="6.403"/>
  <system-out/>
  <testcase classname="com.test.CustomerPageTest" name="validateTheEditedCustomerValues" time="11.864"/>
  <system-out/>
  <testcase classname="com.test.CustomerPageTest" name="validateTheEditedCustomerValues" time="13.376"/>
  <system-out/>
  <testcase classname="com.test.CustomerPageTest" name="validateTheDeleteIcon" time="8.845"/>
  <system-out/>
</testsuite> <!-- com.test.CustomerPageTest -->
