<?xml version="1.0" encoding="UTF-8"?>
<!-- Generated by org.testng.reporters.JUnitReportReporter -->
<testsuite hostname="LAPTOP-RT36H2LD" failures="0" tests="6" name="com.test.SupplierPageTest" time="44.838" errors="0" timestamp="2023-05-24T10:28:58 IST" skipped="0">
  <testcase classname="com.test.SupplierPageTest" name="validateAddSupplierPageInPeopleLinkHasElementsDisplayed_WhenAddSupplierButtonIsClicked" time="6.106"/>
  <system-out/>
  <testcase classname="com.test.SupplierPageTest" name="validateTheEnteredSupplierValues_AfterClickingAddSupplierButtonInSupplierPageInPeopleLink" time="8.681"/>
  <system-out/>
  <testcase classname="com.test.SupplierPageTest" name="validateTheEnteredSupplierValues_AfterClickingAddSupplierButtonInSupplierPageInPeopleLink" time="7.773"/>
  <system-out/>
  <testcase classname="com.test.SupplierPageTest" name="validateTheEditedSupplierValues_AfterClickingEditButtonInSupplierPageInPeopleLink" time="7.681"/>
  <system-out/>
  <testcase classname="com.test.SupplierPageTest" name="validateTheEditedSupplierValues_AfterClickingEditButtonInSupplierPageInPeopleLink" time="8.169"/>
  <system-out/>
  <testcase classname="com.test.SupplierPageTest" name="validateTheDeleteIcon_AfterClickingDeleteButtonInSupplierPageInPeopleLink" time="6.428"/>
  <system-out/>
</testsuite> <!-- com.test.SupplierPageTest -->
