<?xml version="1.0" encoding="UTF-8"?>
<!-- Generated by org.testng.reporters.JUnitReportReporter -->
<testsuite hostname="LAPTOP-RT36H2LD" failures="0" tests="1" name="com.test.SettingsTestPage" time="11.405" errors="0" timestamp="2023-04-28T18:59:25 IST" skipped="0">
  <testcase classname="com.test.SettingsTestPage" name="validateAddStorePageHasElementsDisplayed" time="11.405"/>
  <system-out/>
</testsuite> <!-- com.test.SettingsTestPage -->
