<?xml version="1.0" encoding="UTF-8"?>
<!-- Generated by org.testng.reporters.JUnitReportReporter -->
<testsuite hostname="LAPTOP-RT36H2LD" failures="0" tests="2" name="com.test.UsersPageTest" time="21.690" errors="0" timestamp="2023-05-02T20:52:18 IST" skipped="0">
  <testcase classname="com.test.UsersPageTest" name="validateAddUsersPageHasElementsDisplayed" time="3.571"/>
  <system-out/>
  <testcase classname="com.test.UsersPageTest" name="validateEnteredUserValues" time="18.119"/>
  <system-out/>
</testsuite> <!-- com.test.UsersPageTest -->
