<?xml version="1.0" encoding="UTF-8"?>
<!-- Generated by org.testng.reporters.JUnitReportReporter -->
<testsuite hostname="LAPTOP-RT36H2LD" failures="0" tests="2" name="com.test.UsersPageTest" time="500.360" errors="0" timestamp="2023-04-09T22:58:53 IST" skipped="0">
  <testcase classname="com.test.UsersPageTest" name="validateUsersPageHasElementsDisplayed" time="148.342"/>
  <system-out/>
  <testcase classname="com.test.UsersPageTest" name="validateEnteredUserValues" time="352.018"/>
  <system-out/>
</testsuite> <!-- com.test.UsersPageTest -->
