<?xml version="1.0" encoding="UTF-8"?>
<!-- Generated by org.testng.reporters.JUnitReportReporter -->
<testsuite hostname="LAPTOP-RT36H2LD" failures="0" tests="4" name="com.test.ExpenseInCategoriesTestPage" time="76.087" errors="0" timestamp="2023-04-10T12:05:49 IST" skipped="1">
  <testcase classname="com.test.ExpenseInCategoriesTestPage" name="validateEnteredProductValues" time="9.120"/>
  <system-out/>
  <testcase classname="com.test.ExpenseInCategoriesTestPage" name="validateTheEditedStoreValues" time="18.109"/>
  <system-out/>
  <testcase classname="com.test.ExpenseInCategoriesTestPage" name="validateTheDeleteIcon" time="48.858"/>
  <system-out/>
  <testcase classname="com.test.ExpenseInCategoriesTestPage" name="validateAddExpensePageHasElementsDisplayed">
    <skipped/>
  </testcase> <!-- validateAddExpensePageHasElementsDisplayed -->
  <system-out/>
</testsuite> <!-- com.test.ExpenseInCategoriesTestPage -->
