<?xml version="1.0" encoding="UTF-8"?>
<!-- Generated by org.testng.reporters.JUnitReportReporter -->
<testsuite hostname="LAPTOP-RT36H2LD" failures="0" tests="4" name="com.test.ProductPageTest" time="25.599" errors="0" timestamp="2023-05-22T19:56:17 IST" skipped="0">
  <testcase classname="com.test.ProductPageTest" name="validateAddProductPageHasElementsDisplayed_WhenAddProductButtonIsClicked" time="3.485"/>
  <system-out/>
  <testcase classname="com.test.ProductPageTest" name="validateTheEnteredProductValues_AfterClickingAddProductButtonInProductPage" time="10.732"/>
  <system-out/>
  <testcase classname="com.test.ProductPageTest" name="validateTheEditedProducteValues_AfterClickingEdittButtonInProductPage" time="5.980"/>
  <system-out/>
  <testcase classname="com.test.ProductPageTest" name="validateTheDeleteIcon_AfterClickingDeleteButtonInProductPage" time="5.402"/>
  <system-out/>
</testsuite> <!-- com.test.ProductPageTest -->
