<?xml version="1.0" encoding="UTF-8"?>
<!-- Generated by org.testng.reporters.JUnitReportReporter -->
<testsuite hostname="LAPTOP-RT36H2LD" failures="0" tests="1" name="com.test.LoginPageTest" time="2.805" errors="0" timestamp="2023-04-18T17:00:42 IST" skipped="0">
  <testcase classname="com.test.LoginPageTest" name="validateLoginPage" time="2.805"/>
  <system-out/>
</testsuite> <!-- com.test.LoginPageTest -->
